<?xml version="1.0" encoding="UTF-8"?>
<testsuites tests="3" failures="0" errors="0" skipped="0">
  <testsuite name="Test login form with empty credentials" timestamp="2025-10-26T22:35:10" time="5.643" tests="3" failures="0" errors="0" skipped="0">
    <properties>
      <property name="specId" value="0"/>
      <property name="suiteName" value="Test login form with empty credentials"/>
      <property name="capabilities" value="chrome.141_0_7390_77.windows"/>
      <property name="file" value="file:///C:/Users/orozco/Desktop/Epam/FinalTask/src/specs/test.spec.js"/>
    </properties>
    <testcase classname="chrome.141_0_7390_77.windows.Test_login_form_with_empty_credentials" name="Type any credential in username and password field and then clear both" time="3.686">
      <system-out><![CDATA[
COMMAND: POST /session/2c588518e3ff36d40b2e5aa4db19ebb5/element/f.63D34BB0364A5D5202FE25F3524CE559.d.877283F03FB07BDB503A5DBF0934A1AF.e.3/clear - {}
RESULT: {}
COMMAND: POST /session/2c588518e3ff36d40b2e5aa4db19ebb5/element/f.63D34BB0364A5D5202FE25F3524CE559.d.877283F03FB07BDB503A5DBF0934A1AF.e.3/value - {"text":"anyValue"}
RESULT: {"text":"anyValue"}
COMMAND: POST /session/2c588518e3ff36d40b2e5aa4db19ebb5/element/f.63D34BB0364A5D5202FE25F3524CE559.d.877283F03FB07BDB503A5DBF0934A1AF.e.4/clear - {}
RESULT: {}
COMMAND: POST /session/2c588518e3ff36d40b2e5aa4db19ebb5/element/f.63D34BB0364A5D5202FE25F3524CE559.d.877283F03FB07BDB503A5DBF0934A1AF.e.4/value - {"text":"password"}
RESULT: {"text":"password"}
COMMAND: POST /session/2c588518e3ff36d40b2e5aa4db19ebb5/element/f.63D34BB0364A5D5202FE25F3524CE559.d.877283F03FB07BDB503A5DBF0934A1AF.e.3/click - {}
RESULT: {}
COMMAND: POST /session/2c588518e3ff36d40b2e5aa4db19ebb5/actions - {"actions":[{"id":"action1","type":"key","parameters":{},"actions":[{"type":"keyDown","value":""},{"type":"keyDown","value":"a"},{"type":"pause","duration":10},{"type":"keyUp","value":""},{"type":"keyUp","value":"a"}]}]}
RESULT: {"actions":[{"id":"action1","type":"key","parameters":{},"actions":[{"type":"keyDown","value":""},{"type":"keyDown","value":"a"},{"type":"pause","duration":10},{"type":"keyUp","value":""},{"type":"keyUp","value":"a"}]}]}
COMMAND: POST /session/2c588518e3ff36d40b2e5aa4db19ebb5/actions - {"actions":[{"id":"action2","type":"key","parameters":{},"actions":[{"type":"keyDown","value":""},{"type":"pause","duration":10},{"type":"keyUp","value":""}]}]}
RESULT: {"actions":[{"id":"action2","type":"key","parameters":{},"actions":[{"type":"keyDown","value":""},{"type":"pause","duration":10},{"type":"keyUp","value":""}]}]}
COMMAND: POST /session/2c588518e3ff36d40b2e5aa4db19ebb5/element/f.63D34BB0364A5D5202FE25F3524CE559.d.877283F03FB07BDB503A5DBF0934A1AF.e.4/click - {}
RESULT: {}
COMMAND: POST /session/2c588518e3ff36d40b2e5aa4db19ebb5/actions - {"actions":[{"id":"action3","type":"key","parameters":{},"actions":[{"type":"keyDown","value":""},{"type":"keyDown","value":"a"},{"type":"pause","duration":10},{"type":"keyUp","value":""},{"type":"keyUp","value":"a"}]}]}
RESULT: {"actions":[{"id":"action3","type":"key","parameters":{},"actions":[{"type":"keyDown","value":""},{"type":"keyDown","value":"a"},{"type":"pause","duration":10},{"type":"keyUp","value":""},{"type":"keyUp","value":"a"}]}]}
COMMAND: POST /session/2c588518e3ff36d40b2e5aa4db19ebb5/actions - {"actions":[{"id":"action4","type":"key","parameters":{},"actions":[{"type":"keyDown","value":""},{"type":"pause","duration":10},{"type":"keyUp","value":""}]}]}
RESULT: {"actions":[{"id":"action4","type":"key","parameters":{},"actions":[{"type":"keyDown","value":""},{"type":"pause","duration":10},{"type":"keyUp","value":""}]}]}
COMMAND: POST /session/2c588518e3ff36d40b2e5aa4db19ebb5/element/f.63D34BB0364A5D5202FE25F3524CE559.d.877283F03FB07BDB503A5DBF0934A1AF.e.5/click - {}
RESULT: {}
COMMAND: GET /session/2c588518e3ff36d40b2e5aa4db19ebb5/element/f.63D34BB0364A5D5202FE25F3524CE559.d.877283F03FB07BDB503A5DBF0934A1AF.e.6/css/display - {}
RESULT: {}
COMMAND: GET /session/2c588518e3ff36d40b2e5aa4db19ebb5/element/f.63D34BB0364A5D5202FE25F3524CE559.d.877283F03FB07BDB503A5DBF0934A1AF.e.12/text - {}
RESULT: {}
]]></system-out>
    </testcase>
    <testcase classname="chrome.141_0_7390_77.windows.Test_login_form_with_empty_credentials" name="Type any credential in username and password then clear password field" time="0.724">
      <system-out><![CDATA[
COMMAND: POST /session/2c588518e3ff36d40b2e5aa4db19ebb5/element/f.63D34BB0364A5D5202FE25F3524CE559.d.95D7C9D92EB816802CA03DAD35A26347.e.15/clear - {}
RESULT: {}
COMMAND: POST /session/2c588518e3ff36d40b2e5aa4db19ebb5/element/f.63D34BB0364A5D5202FE25F3524CE559.d.95D7C9D92EB816802CA03DAD35A26347.e.15/value - {"text":"anyValue"}
RESULT: {"text":"anyValue"}
COMMAND: POST /session/2c588518e3ff36d40b2e5aa4db19ebb5/element/f.63D34BB0364A5D5202FE25F3524CE559.d.95D7C9D92EB816802CA03DAD35A26347.e.16/clear - {}
RESULT: {}
COMMAND: POST /session/2c588518e3ff36d40b2e5aa4db19ebb5/element/f.63D34BB0364A5D5202FE25F3524CE559.d.95D7C9D92EB816802CA03DAD35A26347.e.16/value - {"text":"password"}
RESULT: {"text":"password"}
COMMAND: POST /session/2c588518e3ff36d40b2e5aa4db19ebb5/element/f.63D34BB0364A5D5202FE25F3524CE559.d.95D7C9D92EB816802CA03DAD35A26347.e.16/click - {}
RESULT: {}
COMMAND: POST /session/2c588518e3ff36d40b2e5aa4db19ebb5/actions - {"actions":[{"id":"action5","type":"key","parameters":{},"actions":[{"type":"keyDown","value":""},{"type":"keyDown","value":"a"},{"type":"pause","duration":10},{"type":"keyUp","value":""},{"type":"keyUp","value":"a"}]}]}
RESULT: {"actions":[{"id":"action5","type":"key","parameters":{},"actions":[{"type":"keyDown","value":""},{"type":"keyDown","value":"a"},{"type":"pause","duration":10},{"type":"keyUp","value":""},{"type":"keyUp","value":"a"}]}]}
COMMAND: POST /session/2c588518e3ff36d40b2e5aa4db19ebb5/actions - {"actions":[{"id":"action6","type":"key","parameters":{},"actions":[{"type":"keyDown","value":""},{"type":"pause","duration":10},{"type":"keyUp","value":""}]}]}
RESULT: {"actions":[{"id":"action6","type":"key","parameters":{},"actions":[{"type":"keyDown","value":""},{"type":"pause","duration":10},{"type":"keyUp","value":""}]}]}
COMMAND: POST /session/2c588518e3ff36d40b2e5aa4db19ebb5/element/f.63D34BB0364A5D5202FE25F3524CE559.d.95D7C9D92EB816802CA03DAD35A26347.e.17/click - {}
RESULT: {}
COMMAND: GET /session/2c588518e3ff36d40b2e5aa4db19ebb5/element/f.63D34BB0364A5D5202FE25F3524CE559.d.95D7C9D92EB816802CA03DAD35A26347.e.18/css/display - {}
RESULT: {}
COMMAND: GET /session/2c588518e3ff36d40b2e5aa4db19ebb5/element/f.63D34BB0364A5D5202FE25F3524CE559.d.95D7C9D92EB816802CA03DAD35A26347.e.25/text - {}
RESULT: {}
]]></system-out>
    </testcase>
    <testcase classname="chrome.141_0_7390_77.windows.Test_login_form_with_empty_credentials" name="Test loging form with credentials by passing accepted and password" time="1.227">
      <system-out><![CDATA[
COMMAND: POST /session/2c588518e3ff36d40b2e5aa4db19ebb5/element/f.63D34BB0364A5D5202FE25F3524CE559.d.BCB0D6DC39D9C0D60DF91EF2516CB97F.e.28/clear - {}
RESULT: {}
COMMAND: POST /session/2c588518e3ff36d40b2e5aa4db19ebb5/element/f.63D34BB0364A5D5202FE25F3524CE559.d.BCB0D6DC39D9C0D60DF91EF2516CB97F.e.28/value - {"text":"standard_user"}
RESULT: {"text":"standard_user"}
COMMAND: POST /session/2c588518e3ff36d40b2e5aa4db19ebb5/element/f.63D34BB0364A5D5202FE25F3524CE559.d.BCB0D6DC39D9C0D60DF91EF2516CB97F.e.29/clear - {}
RESULT: {}
COMMAND: POST /session/2c588518e3ff36d40b2e5aa4db19ebb5/element/f.63D34BB0364A5D5202FE25F3524CE559.d.BCB0D6DC39D9C0D60DF91EF2516CB97F.e.29/value - {"text":"secret_sauce"}
RESULT: {"text":"secret_sauce"}
COMMAND: POST /session/2c588518e3ff36d40b2e5aa4db19ebb5/element/f.63D34BB0364A5D5202FE25F3524CE559.d.BCB0D6DC39D9C0D60DF91EF2516CB97F.e.30/click - {}
RESULT: {}
COMMAND: GET /session/2c588518e3ff36d40b2e5aa4db19ebb5/element/f.63D34BB0364A5D5202FE25F3524CE559.d.BCB0D6DC39D9C0D60DF91EF2516CB97F.e.43/css/display - {}
RESULT: {}
COMMAND: GET /session/2c588518e3ff36d40b2e5aa4db19ebb5/title - {}
RESULT: {}
COMMAND: DELETE /session/2c588518e3ff36d40b2e5aa4db19ebb5 - {}
RESULT: {}
]]></system-out>
    </testcase>
  </testsuite>
</testsuites>